2025-05-24T00:44:33.474193Z  INFO telemetry: job_telemetry_init artifact_type=installed branch=origin/e36cba7bef506873865c2f04e5ebfb3ac5621cde ci_number=20250424.6 ci_name=CommonRuntime-RuntimeTeam-Linux-Prod-Build build_time=2025-04-24 22:57:35.474596
2025-05-24T00:44:33.475825Z  INFO run_execution_wrapper: execution_wrapper: Successfully dumped bootstrapping environment to file
2025-05-24T00:44:33.475864Z  INFO run_execution_wrapper: execution_wrapper: Enable std log streaming is not specified in executor configuration, default to not stream logs to stdout and stderr
2025-05-24T00:44:33.475878Z  INFO run_execution_wrapper: execution_wrapper: Enable termination signal handling is not specified in executor configuration, default to ignore termination signals
2025-05-24T00:44:33.475890Z  INFO run_execution_wrapper: execution_wrapper: Executor config not provided, certificates will not be updated.
2025-05-24T00:44:33.475930Z  INFO run_execution_wrapper:execution-wrapper::run_service{path_mapping_kind=None error_pattern_json_files_post_execution=None error_pattern_json_file_mid_execution=None enable_std_log_streaming=false skip_user_log_file_generation=false enable_termination_signal_handling=false}: execution_wrapper::service: serving execution service at executor_address=/mnt/azureml/cr/j/04d69ed0060448ca8cb12ce0fd076e14/.grpc/executor:0
2025-05-24T00:44:33.476043Z  INFO run_execution_wrapper:execution-wrapper::run_service{path_mapping_kind=None error_pattern_json_files_post_execution=None error_pattern_json_file_mid_execution=None enable_std_log_streaming=false skip_user_log_file_generation=false enable_termination_signal_handling=false}: cr_core: Successfully configured current process to ignore termination signals
2025-05-24T00:44:33.476076Z  INFO run_execution_wrapper:execution-wrapper::run_service{path_mapping_kind=None error_pattern_json_files_post_execution=None error_pattern_json_file_mid_execution=None enable_std_log_streaming=false skip_user_log_file_generation=false enable_termination_signal_handling=false}:serve: grpc_utils::endpoint::serve: serving gRPC service endpoint=Uds("/mnt/azureml/cr/j/04d69ed0060448ca8cb12ce0fd076e14/.grpc/executor:0") retry=ExponentialBackoffRetry { retry_delay_secs: 2, delay_factor: 1000, num_retries: 3 }
2025-05-24T00:44:33.488490Z  INFO ExecutionServicer::run: grpc_utils::server: Got grpc request request_name="run" remote_addr=None
2025-05-24T00:44:33.488549Z  INFO ExecutionServicer::run:ExecutionServicer::spawn_execution{wait_execution_completion=false}: execution_wrapper::service: spawn_execution request id="28bb3e7a-f9c2-4986-8b01-6d96ecde9a18" client_address=Some("/mnt/azureml/cr/j/04d69ed0060448ca8cb12ce0fd076e14/.grpc/lifecycler:0")
2025-05-24T00:44:33.488594Z  WARN ExecutionServicer::run:ExecutionServicer::spawn_execution{wait_execution_completion=false}:inject_legacy_env_vars: execution_wrapper::legacy_env_vars: Skip injecting legacy env vars, distributed config is None, setting only the defaults
2025-05-24T00:44:33.488624Z  INFO ExecutionServicer::run:ExecutionServicer::spawn_execution{wait_execution_completion=false}:inject_legacy_env_vars: execution_wrapper::legacy_env_vars: Injecting AZ_BATCHAI_JOB_WORK_DIR=/mnt/azureml/cr/j/04d69ed0060448ca8cb12ce0fd076e14/exe/wd working_dir="/mnt/azureml/cr/j/04d69ed0060448ca8cb12ce0fd076e14/exe/wd"
2025-05-24T00:44:33.488654Z  INFO ExecutionServicer::run:ExecutionServicer::spawn_execution{wait_execution_completion=false}:inject_legacy_env_vars: execution_wrapper::legacy_env_vars: Injecting AZUREML_PROCESS_NAME=main as default
2025-05-24T00:44:33.488749Z  INFO ExecutionServicer::run:ExecutionServicer::spawn_execution{wait_execution_completion=false}:inject_legacy_env_vars:get_gpu_count: execution_wrapper::common: Get ComputeContext from env success compute_context=ComputeContext { cluster_name: "gpu-notjello", node_id: Literal("tvmps_411ff8b0a8aad9d2c74751ec033ef741315642d9d2c91556ecd24633cb17dfa3_d"), vm_id: Some("46beca93-186f-41f7-9345-8daff8555637"), run_attempt_count: 1, gpu_count: Some(1), vm_size: Some("STANDARD_NC6S_V3"), readable_cluster_name: Some("gpu-notjello"), vm_priority: Some(Dedicated), use_vnet_or_private_link: false }
2025-05-24T00:44:33.488797Z  INFO ExecutionServicer::run:ExecutionServicer::spawn_execution{wait_execution_completion=false}:inject_legacy_env_vars:get_gpu_count: execution_wrapper::common: close time.busy=114µs time.idle=5.30µs
2025-05-24T00:44:33.488825Z  INFO ExecutionServicer::run:ExecutionServicer::spawn_execution{wait_execution_completion=false}:inject_legacy_env_vars:override_dc_env_vars: execution_wrapper::dc_env_vars: Updated env AZUREML_CR_EXECUTOR_CONFIG for spawned process
2025-05-24T00:44:33.488845Z  INFO ExecutionServicer::run:ExecutionServicer::spawn_execution{wait_execution_completion=false}:inject_legacy_env_vars:override_dc_env_vars: execution_wrapper::dc_env_vars: Env var AZUREML_CR_DISTRIBUTED_CONFIG is empty for current process
2025-05-24T00:44:33.488860Z  INFO ExecutionServicer::run:ExecutionServicer::spawn_execution{wait_execution_completion=false}:inject_legacy_env_vars:override_dc_env_vars: execution_wrapper::dc_env_vars: Updated env AZUREML_SERVICE_ENDPOINT for spawned process
2025-05-24T00:44:33.488873Z  INFO ExecutionServicer::run:ExecutionServicer::spawn_execution{wait_execution_completion=false}:inject_legacy_env_vars:override_dc_env_vars: execution_wrapper::dc_env_vars: Updated env AZUREML_SERVICE_CERT_ENDPOINT for spawned process
2025-05-24T00:44:33.488887Z  INFO ExecutionServicer::run:ExecutionServicer::spawn_execution{wait_execution_completion=false}:inject_legacy_env_vars:override_dc_env_vars: execution_wrapper::dc_env_vars: Updated env AZUREML_DISCOVERY_SERVICE_ENDPOINT for spawned process
2025-05-24T00:44:33.488910Z  INFO ExecutionServicer::run:ExecutionServicer::spawn_execution{wait_execution_completion=false}:inject_legacy_env_vars:override_dc_env_vars: execution_wrapper::dc_env_vars: Env var AZUREML_DEV_URL_MLFLOW is empty for current process
2025-05-24T00:44:33.488932Z  INFO ExecutionServicer::run:ExecutionServicer::spawn_execution{wait_execution_completion=false}:inject_legacy_env_vars:override_dc_env_vars: execution_wrapper::dc_env_vars: Updated env AZUREML_RUN_HISTORY_SERVICE_ENDPOINT for spawned process
2025-05-24T00:44:33.488953Z  INFO ExecutionServicer::run:ExecutionServicer::spawn_execution{wait_execution_completion=false}:inject_legacy_env_vars:override_dc_env_vars: execution_wrapper::dc_env_vars: close time.busy=130µs time.idle=2.30µs
2025-05-24T00:44:33.488969Z  INFO ExecutionServicer::run:ExecutionServicer::spawn_execution{wait_execution_completion=false}:inject_legacy_env_vars: execution_wrapper::legacy_env_vars: close time.busy=377µs time.idle=5.70µs
2025-05-24T00:44:33.488985Z  INFO ExecutionServicer::run:ExecutionServicer::spawn_execution{wait_execution_completion=false}: execution_wrapper::infiniband_utils: Is InfiniBand device present: false infiniband_device_path="/dev/infiniband/uverbs0"
2025-05-24T00:44:33.489017Z  INFO ExecutionServicer::run:ExecutionServicer::spawn_execution{wait_execution_completion=false}: execution_wrapper::service: Spawning execution
2025-05-24T00:44:33.489371Z  INFO ExecutionServicer::run:ExecutionServicer::spawn_execution{wait_execution_completion=false}:Execution::parse_commands: execution_wrapper::execution: close time.busy=122µs time.idle=3.10µs
2025-05-24T00:44:33.489758Z  INFO ExecutionServicer::run:ExecutionServicer::spawn_execution{wait_execution_completion=false}:Execution::spawn{wait_execution_completion=false}: execution_wrapper::execution: Spawning target process
2025-05-24T00:44:33.490834Z  INFO ExecutionServicer::run:ExecutionServicer::spawn_execution{wait_execution_completion=false}:Execution::spawn{wait_execution_completion=false}: execution_wrapper::execution: execution process spawned pid=28
2025-05-24T00:44:33.491061Z  INFO execution_wrapper::execution: start waiting for processes execution to complete num_processes=1
2025-05-24T00:44:33.491143Z  INFO Execution::wait_for_completion: execution_wrapper::execution::process_manager: ProcessManagerExecution state changing from PendingExecution to PendingExecution
2025-05-24T00:49:59.025889Z  INFO Execution::wait_for_completion: execution_wrapper::execution::process_manager: ProcessManagerExecution state changing from PendingExecution to ExecutionCompleted
2025-05-24T00:49:59.026007Z  INFO Execution::wait_for_completion: execution_wrapper::execution::process_manager: Start collecting process exit statuses
2025-05-24T00:49:59.026038Z  INFO Execution::wait_for_completion: execution_wrapper::execution::process_manager: Successfully collected the exit status of user process pid=28 process_name=/azureml-envs/azureml_342aa32a435e7d26246d3f150b07f2e4/bin/python killed_by_process_manager=false
2025-05-24T00:49:59.026074Z  INFO Execution::wait_for_completion: execution_wrapper::execution::process_manager: Process manager successfully collected the exit statuses of all user processes on current node
2025-05-24T00:49:59.026107Z  INFO Execution::wait_for_completion: execution_wrapper::execution::process_manager: ProcessManagerExecution state changing from ExecutionCompleted to CleanupStreamingTasks
2025-05-24T00:49:59.026136Z  INFO Execution::wait_for_completion: execution_wrapper::execution::process_manager: Start cleaning up execution log streaming tasks
2025-05-24T00:49:59.026158Z  INFO Execution::wait_for_completion: execution_wrapper::execution::process_manager: Process manager successfully aborted all streaming tasks for current execution
2025-05-24T00:49:59.026187Z  INFO Execution::wait_for_completion: execution_wrapper::execution: Gathered execution result for rank 0 process_rank=0 exit_code=0 stderr_path=Some("user_logs/std_log.txt")
2025-05-24T00:49:59.026225Z  INFO Execution::wait_for_completion: execution_wrapper::execution: [wait_for_completion] execution process completed.
2025-05-24T00:49:59.026323Z  WARN Execution::wait_for_completion:ExecutionFinalizer::on_exit:ExecutionFinalizer::complete_execution: grpc_utils::span: failed to inject span context to grpc request
2025-05-24T00:49:59.026359Z  INFO Execution::wait_for_completion:ExecutionFinalizer::on_exit:ExecutionFinalizer::complete_execution:execution-wrapper::connect_to_callback_service: execution_wrapper::service: connecting to callback endpoint: /mnt/azureml/cr/j/04d69ed0060448ca8cb12ce0fd076e14/.grpc/lifecycler:0 client_address=/mnt/azureml/cr/j/04d69ed0060448ca8cb12ce0fd076e14/.grpc/lifecycler:0
2025-05-24T00:49:59.026501Z  INFO Execution::wait_for_completion:ExecutionFinalizer::on_exit:ExecutionFinalizer::complete_execution:execution-wrapper::connect_to_callback_service:connect: grpc_utils::endpoint::connect: Connecting to gRPC service endpoint=Uds("/mnt/azureml/cr/j/04d69ed0060448ca8cb12ce0fd076e14/.grpc/lifecycler:0") retry=FixedIntervalRetry { attempt_timeout_millis: 50, retry_delay_millis: 10, max_duration: 600s }
2025-05-24T00:49:59.026709Z  INFO Execution::wait_for_completion:ExecutionFinalizer::on_exit:ExecutionFinalizer::complete_execution:execution-wrapper::connect_to_callback_service:connect: grpc_utils::endpoint::connect: Successfully connected to gRPC service endpoint=Uds("/mnt/azureml/cr/j/04d69ed0060448ca8cb12ce0fd076e14/.grpc/lifecycler:0")
2025-05-24T00:49:59.026740Z  INFO Execution::wait_for_completion:ExecutionFinalizer::on_exit:ExecutionFinalizer::complete_execution:execution-wrapper::connect_to_callback_service:connect: grpc_utils::endpoint::connect: close time.busy=223µs time.idle=21.6µs
2025-05-24T00:49:59.026770Z  INFO Execution::wait_for_completion:ExecutionFinalizer::on_exit:ExecutionFinalizer::complete_execution:execution-wrapper::connect_to_callback_service: execution_wrapper::service: close time.busy=398µs time.idle=19.4µs
2025-05-24T00:49:59.027475Z  INFO Execution::wait_for_completion:ExecutionFinalizer::on_exit:ExecutionFinalizer::complete_execution: execution_wrapper::service: Completed execution id=28bb3e7a-f9c2-4986-8b01-6d96ecde9a18
2025-05-24T00:49:59.027530Z  INFO Execution::wait_for_completion:ExecutionFinalizer::on_exit:ExecutionFinalizer::complete_execution: execution_wrapper::service: close time.busy=577µs time.idle=641µs
2025-05-24T00:49:59.027552Z  INFO Execution::wait_for_completion:ExecutionFinalizer::on_exit: execution_wrapper::service: close time.busy=603µs time.idle=653µs
2025-05-24T00:49:59.027563Z  INFO ExecutionServicer::run:ExecutionServicer::spawn_execution{wait_execution_completion=false}:Execution::spawn{wait_execution_completion=false}: execution_wrapper::execution: close time.busy=1.34ms time.idle=326s
2025-05-24T00:49:59.027571Z  INFO ExecutionServicer::run:ExecutionServicer::spawn_execution{wait_execution_completion=false}: execution_wrapper::service: close time.busy=2.29ms time.idle=326s
2025-05-24T00:49:59.027579Z  INFO ExecutionServicer::run: execution_wrapper::service: close time.busy=2.37ms time.idle=326s
2025-05-24T00:49:59.027587Z  INFO Execution::wait_for_completion: execution_wrapper::execution: close time.busy=1.21ms time.idle=326s
2025-05-24T00:49:59.027594Z  INFO execution_wrapper::execution: process execution completed
